<?xml version="1.0" encoding="UTF-8"?>
<testsuites name="TS_01" time="6.825" tests="1" failures="0" errors="0">
   <testsuite name="TS_01" tests="1" failures="0" errors="0" time="6.825" skipped="0" timestamp="10-10-2024T10:45:43" hostname="nhan.hoang - localhost" id="Test Suites/TS_01">
      <properties>
         <property name="deviceName" value=""/>
         <property name="devicePlatform"/>
         <property name="logFolder" value="/Users/nhan.hoang/Documents/nhanhoanganh-katalon-cert/Reports/20241010_104537/TS_01/20241010_104538"/>
         <property name="logFiles" value="/Users/nhan.hoang/Documents/nhanhoanganh-katalon-cert/Reports/20241010_104537/TS_01/20241010_104538/execution0.log"/>
         <property name="attachments" value=""/>
         <property name="hostName" value="nhan.hoang - localhost"/>
         <property name="os" value="Mac OS X 64bit"/>
         <property name="katalonVersion" value="9.7.2.223"/>
         <property name="browser" value="Chrome 129.0.0.0"/>
         <property name="hostAddress" value="127.0.0.1"/>
         <property name="sessionId" value="621332586045e71b1311a8d0798de062"/>
         <property name="seleniumVersion" value="3.141.59"/>
         <property name="proxyInformation" value="ProxyInformation { proxyOption=NO_PROXY, proxyServerType=HTTP, username=, password=********, proxyServerAddress=, proxyServerPort=0, executionList=&quot;&quot;, isApplyToDesiredCapabilities=true }"/>
         <property name="platform" value="Mac OS X"/>
      </properties>
      <testcase name="Test Cases/TC_10_Verify Subscription in home page" time="6.764" classname="Test Cases/TC_10_Verify Subscription in home page" status="PASSED">
         <system-out><![CDATA[10-10-2024T10:45:43 - [TEST_CASE][PASSED] - Test Cases/TC_10_Verify Subscription in home page: Test Cases/TC_10_Verify Subscription in home page

10-10-2024T10:45:43 - [TEST_STEP][PASSED] - openBrowser(""): Browser is opened with url: ''

10-10-2024T10:45:43 - [MESSAGE][INFO] - Starting 'Chrome' driver

10-10-2024T10:45:43 - [MESSAGE][INFO] - Action delay is set to 0 milliseconds

10-10-2024T10:45:45 - [MESSAGE][PASSED] - Browser is opened with url: ''

10-10-2024T10:45:45 - [TEST_STEP][PASSED] - navigateToUrl("https://www.automationexercise.com/"): Navigate to 'https://www.automationexercise.com/' successfully

10-10-2024T10:45:46 - [MESSAGE][PASSED] - Navigate to 'https://www.automationexercise.com/' successfully

10-10-2024T10:45:46 - [TEST_STEP][PASSED] - scrollToElement(findTestObject("Object Repository/Page_Automation Exercise/h2_Subscription"), 0): Scroll to object 'Object Repository/Page_Automation Exercise/h2_Subscription' successfully

10-10-2024T10:45:46 - [MESSAGE][WARNING] - Timeout '0' is invalid. Using default page load timeout: '30'

10-10-2024T10:45:48 - [MESSAGE][PASSED] - Scroll to object 'Object Repository/Page_Automation Exercise/h2_Subscription' successfully

10-10-2024T10:45:48 - [TEST_STEP][PASSED] - verifyElementVisible(findTestObject("Object Repository/Page_Automation Exercise/h2_Subscription"), STOP_ON_FAILURE): Object 'Object Repository/Page_Automation Exercise/h2_Subscription' is visible

10-10-2024T10:45:49 - [MESSAGE][PASSED] - Object 'Object Repository/Page_Automation Exercise/h2_Subscription' is visible

10-10-2024T10:45:49 - [TEST_STEP][PASSED] - setText(findTestObject("Object Repository/Page_Automation Exercise/input_Subscription_susbscribe_email"), "nhan@katalon.com"): Text 'nhan@katalon.com' is set on object 'Object Repository/Page_Automation Exercise/input_Subscription_susbscribe_email'

10-10-2024T10:45:49 - [MESSAGE][PASSED] - Text 'nhan@katalon.com' is set on object 'Object Repository/Page_Automation Exercise/input_Subscription_susbscribe_email'

10-10-2024T10:45:49 - [TEST_STEP][PASSED] - click(findTestObject("Object Repository/Page_Automation Exercise/i_Subscription_fa fa-arrow-circle-o-right")): Object: 'Object Repository/Page_Automation Exercise/i_Subscription_fa fa-arrow-circle-o-right' is clicked on

10-10-2024T10:45:50 - [MESSAGE][PASSED] - Object: 'Object Repository/Page_Automation Exercise/i_Subscription_fa fa-arrow-circle-o-right' is clicked on

10-10-2024T10:45:50 - [TEST_STEP][PASSED] - verifyElementVisible(findTestObject("Object Repository/Page_Automation Exercise/div_You have been successfully subscribed")): Object 'Object Repository/Page_Automation Exercise/div_You have been successfully subscribed' is visible

10-10-2024T10:45:50 - [MESSAGE][PASSED] - Object 'Object Repository/Page_Automation Exercise/div_You have been successfully subscribed' is visible

10-10-2024T10:45:50 - [TEST_STEP][PASSED] - closeBrowser(): Browser is closed

10-10-2024T10:45:50 - [MESSAGE][PASSED] - Browser is closed]]></system-out>
         <system-err><![CDATA[]]></system-err>
      </testcase>
      <system-out><![CDATA[10-10-2024T10:45:43 - [TEST_SUITE][PASSED] - TS_01: Test Cases/TC_10_Verify Subscription in home page]]></system-out>
      <system-err><![CDATA[]]></system-err>
   </testsuite>
</testsuites>
