<?xml version="1.0" encoding="UTF-8"?>
<testsuites name="TS_01" time="78.296" tests="3" failures="0" errors="0">
   <testsuite name="TS_01" tests="3" failures="0" errors="0" time="78.296" skipped="0" timestamp="04-10-2024T15:04:53" hostname="nhan.hoang - localhost" id="Test Suites/TS_01">
      <properties>
         <property name="deviceName" value=""/>
         <property name="devicePlatform"/>
         <property name="logFolder" value="/Users/nhan.hoang/Documents/nhanhoanganh-katalon-cert/Reports/20241004_150447/TS_01/20241004_150448"/>
         <property name="logFiles" value="/Users/nhan.hoang/Documents/nhanhoanganh-katalon-cert/Reports/20241004_150447/TS_01/20241004_150448/execution0.log"/>
         <property name="attachments" value=""/>
         <property name="hostName" value="nhan.hoang - localhost"/>
         <property name="os" value="Mac OS X 64bit"/>
         <property name="katalonVersion" value="9.7.2.223"/>
         <property name="browser" value="Chrome 129.0.0.0"/>
         <property name="hostAddress" value="127.0.0.1"/>
         <property name="sessionId" value="0f41be568da3b1230e20135107ccf338"/>
         <property name="seleniumVersion" value="3.141.59"/>
         <property name="proxyInformation" value="ProxyInformation { proxyOption=NO_PROXY, proxyServerType=HTTP, username=, password=********, proxyServerAddress=, proxyServerPort=0, executionList=&quot;&quot;, isApplyToDesiredCapabilities=true }"/>
         <property name="platform" value="Mac OS X"/>
      </properties>
      <testcase name="Test Cases/TC_01_Register_User" time="45.131" classname="Test Cases/TC_01_Register_User" status="PASSED">
         <system-out><![CDATA[04-10-2024T15:04:53 - [TEST_CASE][PASSED] - Test Cases/TC_01_Register_User: Test Cases/TC_01_Register_User

04-10-2024T15:04:53 - [TEST_STEP][PASSED] - Start listener action : sampleBeforeTestCase: Navigate to 'https://automationexercise.com/' successfully

04-10-2024T15:04:54 - [TEST_STEP][PASSED] - openBrowser(""): Browser is opened with url: ''

04-10-2024T15:04:54 - [MESSAGE][INFO] - Starting 'Chrome' driver

04-10-2024T15:04:54 - [MESSAGE][INFO] - Action delay is set to 0 milliseconds

04-10-2024T15:04:55 - [MESSAGE][PASSED] - Browser is opened with url: ''

04-10-2024T15:04:55 - [TEST_STEP][PASSED] - navigateToUrl("https://automationexercise.com/"): Navigate to 'https://automationexercise.com/' successfully

04-10-2024T15:04:58 - [MESSAGE][PASSED] - Navigate to 'https://automationexercise.com/' successfully

04-10-2024T15:04:58 - [TEST_STEP][PASSED] - openBrowser(""): Browser is opened with url: ''

04-10-2024T15:04:58 - [MESSAGE][WARNING] - A browser is already opened. Closing browser and opening a new one

04-10-2024T15:04:58 - [MESSAGE][INFO] - Starting 'Chrome' driver

04-10-2024T15:04:58 - [MESSAGE][INFO] - Action delay is set to 0 milliseconds

04-10-2024T15:04:58 - [MESSAGE][PASSED] - Browser is opened with url: ''

04-10-2024T15:04:58 - [TEST_STEP][PASSED] - navigateToUrl("https://automationexercise.com/"): Navigate to 'https://automationexercise.com/' successfully

04-10-2024T15:05:02 - [MESSAGE][PASSED] - Navigate to 'https://automationexercise.com/' successfully

04-10-2024T15:05:02 - [TEST_STEP][PASSED] - verifyElementPresent(findTestObject("Object Repository/Automation_exercise/Page_Automation Exercise/a_Home"), 0): Object 'Object Repository/Automation_exercise/Page_Automation Exercise/a_Home' is present

04-10-2024T15:05:02 - [MESSAGE][WARNING] - Timeout '0' is invalid. Using default page load timeout: '30'

04-10-2024T15:05:03 - [MESSAGE][PASSED] - Object 'Object Repository/Automation_exercise/Page_Automation Exercise/a_Home' is present

04-10-2024T15:05:03 - [TEST_STEP][PASSED] - click(findTestObject("Object Repository/Automation_exercise/Page_Automation Exercise/a_Signup  Login")): Object: 'Object Repository/Automation_exercise/Page_Automation Exercise/a_Signup  Login' is clicked on

04-10-2024T15:05:04 - [MESSAGE][PASSED] - Object: 'Object Repository/Automation_exercise/Page_Automation Exercise/a_Signup  Login' is clicked on

04-10-2024T15:05:04 - [TEST_STEP][PASSED] - verifyElementText(findTestObject("Object Repository/Automation_exercise/Page_Automation Exercise - Signup  Login/h2_New User Signup"), "New User Signup!"): Actual text and expected text of test object 'Object Repository/Automation_exercise/Page_Automation Exercise - Signup  Login/h2_New User Signup' are matched.

04-10-2024T15:05:05 - [MESSAGE][PASSED] - Actual text and expected text of test object 'Object Repository/Automation_exercise/Page_Automation Exercise - Signup  Login/h2_New User Signup' are matched.

04-10-2024T15:05:05 - [TEST_STEP][PASSED] - setText(findTestObject("Object Repository/Automation_exercise/Page_Automation Exercise - Signup  Login/input_New User Signup_name"), "nhan"): Text 'nhan' is set on object 'Object Repository/Automation_exercise/Page_Automation Exercise - Signup  Login/input_New User Signup_name'

04-10-2024T15:05:06 - [MESSAGE][PASSED] - Text 'nhan' is set on object 'Object Repository/Automation_exercise/Page_Automation Exercise - Signup  Login/input_New User Signup_name'

04-10-2024T15:05:06 - [TEST_STEP][PASSED] - setText(findTestObject("Object Repository/Automation_exercise/Page_Automation Exercise - Signup  Login/input_New User Signup_email"), "nhan.hoang@katalon.com"): Text 'nhan.hoang@katalon.com' is set on object 'Object Repository/Automation_exercise/Page_Automation Exercise - Signup  Login/input_New User Signup_email'

04-10-2024T15:05:06 - [MESSAGE][PASSED] - Text 'nhan.hoang@katalon.com' is set on object 'Object Repository/Automation_exercise/Page_Automation Exercise - Signup  Login/input_New User Signup_email'

04-10-2024T15:05:06 - [TEST_STEP][PASSED] - click(findTestObject("Object Repository/Automation_exercise/Page_Automation Exercise - Signup  Login/button_Signup")): Object: 'Object Repository/Automation_exercise/Page_Automation Exercise - Signup  Login/button_Signup' is clicked on

04-10-2024T15:05:08 - [MESSAGE][PASSED] - Object: 'Object Repository/Automation_exercise/Page_Automation Exercise - Signup  Login/button_Signup' is clicked on

04-10-2024T15:05:08 - [TEST_STEP][PASSED] - verifyElementVisible(findTestObject("Object Repository/Automation_exercise/Page_Automation Exercise - Signup/b_Enter Account Information"), STOP_ON_FAILURE): Object 'Object Repository/Automation_exercise/Page_Automation Exercise - Signup/b_Enter Account Information' is visible

04-10-2024T15:05:09 - [MESSAGE][PASSED] - Object 'Object Repository/Automation_exercise/Page_Automation Exercise - Signup/b_Enter Account Information' is visible

04-10-2024T15:05:09 - [TEST_STEP][PASSED] - click(findTestObject("Object Repository/Automation_exercise/Page_Automation Exercise - Signup/input_Mrs_title")): Object: 'Object Repository/Automation_exercise/Page_Automation Exercise - Signup/input_Mrs_title' is clicked on

04-10-2024T15:05:09 - [MESSAGE][PASSED] - Object: 'Object Repository/Automation_exercise/Page_Automation Exercise - Signup/input_Mrs_title' is clicked on

04-10-2024T15:05:09 - [TEST_STEP][PASSED] - setEncryptedText(findTestObject("Object Repository/Automation_exercise/Page_Automation Exercise - Signup/input__password"), "VFrE/ihxX88="): Text ****** has been set on object 'Object Repository/Automation_exercise/Page_Automation Exercise - Signup/input__password'

04-10-2024T15:05:09 - [MESSAGE][PASSED] - Text ****** has been set on object 'Object Repository/Automation_exercise/Page_Automation Exercise - Signup/input__password'

04-10-2024T15:05:09 - [TEST_STEP][PASSED] - selectOptionByValue(findTestObject("Object Repository/Automation_exercise/Page_Automation Exercise - Signup/select_Day123456789101112131415161718192021_40ab5b"), "1", true): All options with value '1' are selected in object 'Object Repository/Automation_exercise/Page_Automation Exercise - Signup/select_Day123456789101112131415161718192021_40ab5b'  using regular expression

04-10-2024T15:05:10 - [MESSAGE][PASSED] - All options with value '1' are selected in object 'Object Repository/Automation_exercise/Page_Automation Exercise - Signup/select_Day123456789101112131415161718192021_40ab5b'  using regular expression

04-10-2024T15:05:10 - [TEST_STEP][PASSED] - selectOptionByValue(findTestObject("Object Repository/Automation_exercise/Page_Automation Exercise - Signup/select_MonthJanuaryFebruaryMarchAprilMayJun_aa9ebb"), "1", true): All options with value '1' are selected in object 'Object Repository/Automation_exercise/Page_Automation Exercise - Signup/select_MonthJanuaryFebruaryMarchAprilMayJun_aa9ebb'  using regular expression

04-10-2024T15:05:11 - [MESSAGE][PASSED] - All options with value '1' are selected in object 'Object Repository/Automation_exercise/Page_Automation Exercise - Signup/select_MonthJanuaryFebruaryMarchAprilMayJun_aa9ebb'  using regular expression

04-10-2024T15:05:11 - [TEST_STEP][PASSED] - selectOptionByValue(findTestObject("Object Repository/Automation_exercise/Page_Automation Exercise - Signup/select_Year20212020201920182017201620152014_f874ed"), "2001", true): All options with value '2001' are selected in object 'Object Repository/Automation_exercise/Page_Automation Exercise - Signup/select_Year20212020201920182017201620152014_f874ed'  using regular expression

04-10-2024T15:05:12 - [MESSAGE][PASSED] - All options with value '2001' are selected in object 'Object Repository/Automation_exercise/Page_Automation Exercise - Signup/select_Year20212020201920182017201620152014_f874ed'  using regular expression

04-10-2024T15:05:12 - [TEST_STEP][PASSED] - click(findTestObject("Object Repository/Automation_exercise/Page_Automation Exercise - Signup/label_Sign up for our newsletter")): Object: 'Object Repository/Automation_exercise/Page_Automation Exercise - Signup/label_Sign up for our newsletter' is clicked on

04-10-2024T15:05:13 - [MESSAGE][PASSED] - Object: 'Object Repository/Automation_exercise/Page_Automation Exercise - Signup/label_Sign up for our newsletter' is clicked on

04-10-2024T15:05:13 - [TEST_STEP][PASSED] - click(findTestObject("Object Repository/Automation_exercise/Page_Automation Exercise - Signup/label_Receive special offers from our partners")): Object: 'Object Repository/Automation_exercise/Page_Automation Exercise - Signup/label_Receive special offers from our partners' is clicked on

04-10-2024T15:05:13 - [MESSAGE][PASSED] - Object: 'Object Repository/Automation_exercise/Page_Automation Exercise - Signup/label_Receive special offers from our partners' is clicked on

04-10-2024T15:05:13 - [TEST_STEP][PASSED] - setText(findTestObject("Object Repository/Automation_exercise/Page_Automation Exercise - Signup/input__first_name"), "nhan"): Text 'nhan' is set on object 'Object Repository/Automation_exercise/Page_Automation Exercise - Signup/input__first_name'

04-10-2024T15:05:13 - [MESSAGE][PASSED] - Text 'nhan' is set on object 'Object Repository/Automation_exercise/Page_Automation Exercise - Signup/input__first_name'

04-10-2024T15:05:13 - [TEST_STEP][PASSED] - setText(findTestObject("Object Repository/Automation_exercise/Page_Automation Exercise - Signup/input__last_name"), "hoang"): Text 'hoang' is set on object 'Object Repository/Automation_exercise/Page_Automation Exercise - Signup/input__last_name'

04-10-2024T15:05:14 - [MESSAGE][PASSED] - Text 'hoang' is set on object 'Object Repository/Automation_exercise/Page_Automation Exercise - Signup/input__last_name'

04-10-2024T15:05:14 - [TEST_STEP][PASSED] - setText(findTestObject("Object Repository/Automation_exercise/Page_Automation Exercise - Signup/input_Company_company"), "katalon"): Text 'katalon' is set on object 'Object Repository/Automation_exercise/Page_Automation Exercise - Signup/input_Company_company'

04-10-2024T15:05:14 - [MESSAGE][PASSED] - Text 'katalon' is set on object 'Object Repository/Automation_exercise/Page_Automation Exercise - Signup/input_Company_company'

04-10-2024T15:05:14 - [TEST_STEP][PASSED] - setText(findTestObject("Object Repository/Automation_exercise/Page_Automation Exercise - Signup/input_(Street address, P.O. Box, Company na_957d3e"), "cmt8"): Text 'cmt8' is set on object 'Object Repository/Automation_exercise/Page_Automation Exercise - Signup/input_(Street address, P.O. Box, Company na_957d3e'

04-10-2024T15:05:15 - [MESSAGE][PASSED] - Text 'cmt8' is set on object 'Object Repository/Automation_exercise/Page_Automation Exercise - Signup/input_(Street address, P.O. Box, Company na_957d3e'

04-10-2024T15:05:15 - [TEST_STEP][PASSED] - setText(findTestObject("Object Repository/Automation_exercise/Page_Automation Exercise - Signup/input_Address 2_address2"), "3/2"): Text '3/2' is set on object 'Object Repository/Automation_exercise/Page_Automation Exercise - Signup/input_Address 2_address2'

04-10-2024T15:05:15 - [MESSAGE][PASSED] - Text '3/2' is set on object 'Object Repository/Automation_exercise/Page_Automation Exercise - Signup/input_Address 2_address2'

04-10-2024T15:05:15 - [TEST_STEP][PASSED] - selectOptionByValue(findTestObject("Object Repository/Automation_exercise/Page_Automation Exercise - Signup/select_IndiaUnited StatesCanadaAustraliaIsr_09757b"), "Canada", true): All options with value 'Canada' are selected in object 'Object Repository/Automation_exercise/Page_Automation Exercise - Signup/select_IndiaUnited StatesCanadaAustraliaIsr_09757b'  using regular expression

04-10-2024T15:05:16 - [MESSAGE][PASSED] - All options with value 'Canada' are selected in object 'Object Repository/Automation_exercise/Page_Automation Exercise - Signup/select_IndiaUnited StatesCanadaAustraliaIsr_09757b'  using regular expression

04-10-2024T15:05:16 - [TEST_STEP][PASSED] - setText(findTestObject("Object Repository/Automation_exercise/Page_Automation Exercise - Signup/input__state"), "abc"): Text 'abc' is set on object 'Object Repository/Automation_exercise/Page_Automation Exercise - Signup/input__state'

04-10-2024T15:05:17 - [MESSAGE][PASSED] - Text 'abc' is set on object 'Object Repository/Automation_exercise/Page_Automation Exercise - Signup/input__state'

04-10-2024T15:05:17 - [TEST_STEP][PASSED] - setText(findTestObject("Object Repository/Automation_exercise/Page_Automation Exercise - Signup/input__city"), "xyz"): Text 'xyz' is set on object 'Object Repository/Automation_exercise/Page_Automation Exercise - Signup/input__city'

04-10-2024T15:05:17 - [MESSAGE][PASSED] - Text 'xyz' is set on object 'Object Repository/Automation_exercise/Page_Automation Exercise - Signup/input__city'

04-10-2024T15:05:17 - [TEST_STEP][PASSED] - setText(findTestObject("Object Repository/Automation_exercise/Page_Automation Exercise - Signup/input__zipcode"), "12000"): Text '12000' is set on object 'Object Repository/Automation_exercise/Page_Automation Exercise - Signup/input__zipcode'

04-10-2024T15:05:18 - [MESSAGE][PASSED] - Text '12000' is set on object 'Object Repository/Automation_exercise/Page_Automation Exercise - Signup/input__zipcode'

04-10-2024T15:05:18 - [TEST_STEP][PASSED] - setText(findTestObject("Object Repository/Automation_exercise/Page_Automation Exercise - Signup/input__mobile_number"), "0912827872"): Text '0912827872' is set on object 'Object Repository/Automation_exercise/Page_Automation Exercise - Signup/input__mobile_number'

04-10-2024T15:05:18 - [MESSAGE][PASSED] - Text '0912827872' is set on object 'Object Repository/Automation_exercise/Page_Automation Exercise - Signup/input__mobile_number'

04-10-2024T15:05:18 - [TEST_STEP][PASSED] - click(findTestObject("Object Repository/Automation_exercise/Page_Automation Exercise - Signup/button_Create Account")): Object: 'Object Repository/Automation_exercise/Page_Automation Exercise - Signup/button_Create Account' is clicked on

04-10-2024T15:05:20 - [MESSAGE][PASSED] - Object: 'Object Repository/Automation_exercise/Page_Automation Exercise - Signup/button_Create Account' is clicked on

04-10-2024T15:05:20 - [TEST_STEP][PASSED] - verifyElementVisible(findTestObject("Object Repository/Automation_exercise/Page_Automation Exercise - Account Created/b_Account Created"), STOP_ON_FAILURE): Object 'Object Repository/Automation_exercise/Page_Automation Exercise - Account Created/b_Account Created' is visible

04-10-2024T15:05:21 - [MESSAGE][PASSED] - Object 'Object Repository/Automation_exercise/Page_Automation Exercise - Account Created/b_Account Created' is visible

04-10-2024T15:05:21 - [TEST_STEP][PASSED] - click(findTestObject("Object Repository/Automation_exercise/Page_Automation Exercise - Account Created/a_Continue")): Object: 'Object Repository/Automation_exercise/Page_Automation Exercise - Account Created/a_Continue' is clicked on

04-10-2024T15:05:31 - [MESSAGE][PASSED] - Object: 'Object Repository/Automation_exercise/Page_Automation Exercise - Account Created/a_Continue' is clicked on

04-10-2024T15:05:31 - [TEST_STEP][PASSED] - verifyElementPresent(findTestObject("Object Repository/Automation_exercise/Page_Automation Exercise/a_Logout"), 0): Object 'Object Repository/Automation_exercise/Page_Automation Exercise/a_Logout' is present

04-10-2024T15:05:31 - [MESSAGE][WARNING] - Timeout '0' is invalid. Using default page load timeout: '30'

04-10-2024T15:05:32 - [MESSAGE][PASSED] - Object 'Object Repository/Automation_exercise/Page_Automation Exercise/a_Logout' is present

04-10-2024T15:05:32 - [TEST_STEP][PASSED] - click(findTestObject("Object Repository/Automation_exercise/Page_Automation Exercise/a_Delete Account")): Object: 'Object Repository/Automation_exercise/Page_Automation Exercise/a_Delete Account' is clicked on

04-10-2024T15:05:34 - [MESSAGE][PASSED] - Object: 'Object Repository/Automation_exercise/Page_Automation Exercise/a_Delete Account' is clicked on

04-10-2024T15:05:34 - [TEST_STEP][PASSED] - verifyElementVisible(findTestObject("Object Repository/Automation_exercise/Page_Automation Exercise - Account Created/b_Account Deleted"), STOP_ON_FAILURE): Object 'Object Repository/Automation_exercise/Page_Automation Exercise - Account Created/b_Account Deleted' is visible

04-10-2024T15:05:35 - [MESSAGE][PASSED] - Object 'Object Repository/Automation_exercise/Page_Automation Exercise - Account Created/b_Account Deleted' is visible

04-10-2024T15:05:35 - [TEST_STEP][PASSED] - click(findTestObject("Object Repository/Automation_exercise/Page_Automation Exercise - Account Created/a_Continue")): Object: 'Object Repository/Automation_exercise/Page_Automation Exercise - Account Created/a_Continue' is clicked on

04-10-2024T15:05:38 - [MESSAGE][PASSED] - Object: 'Object Repository/Automation_exercise/Page_Automation Exercise - Account Created/a_Continue' is clicked on

04-10-2024T15:05:38 - [TEST_STEP][PASSED] - closeBrowser(): Browser is closed

04-10-2024T15:05:39 - [MESSAGE][PASSED] - Browser is closed]]></system-out>
         <system-err><![CDATA[]]></system-err>
      </testcase>
      <testcase name="Test Cases/TC_02_Login_with_correct_email_password" time="20.265" classname="Test Cases/TC_02_Login_with_correct_email_password" status="PASSED">
         <system-out><![CDATA[04-10-2024T15:05:39 - [TEST_CASE][PASSED] - Test Cases/TC_02_Login_with_correct_email_password: Test Cases/TC_02_Login_with_correct_email_password

04-10-2024T15:05:39 - [TEST_STEP][PASSED] - Start listener action : sampleBeforeTestCase: Navigate to 'https://automationexercise.com/' successfully

04-10-2024T15:05:39 - [TEST_STEP][PASSED] - openBrowser(""): Browser is opened with url: ''

04-10-2024T15:05:39 - [MESSAGE][INFO] - Starting 'Chrome' driver

04-10-2024T15:05:39 - [MESSAGE][INFO] - Action delay is set to 0 milliseconds

04-10-2024T15:05:39 - [MESSAGE][PASSED] - Browser is opened with url: ''

04-10-2024T15:05:39 - [TEST_STEP][PASSED] - navigateToUrl("https://automationexercise.com/"): Navigate to 'https://automationexercise.com/' successfully

04-10-2024T15:05:42 - [MESSAGE][PASSED] - Navigate to 'https://automationexercise.com/' successfully

04-10-2024T15:05:42 - [TEST_STEP][PASSED] - click(findTestObject("Object Repository/Page_Automation Exercise/a_Signup  Login")): Object: 'Object Repository/Page_Automation Exercise/a_Signup  Login' is clicked on

04-10-2024T15:05:44 - [MESSAGE][PASSED] - Object: 'Object Repository/Page_Automation Exercise/a_Signup  Login' is clicked on

04-10-2024T15:05:44 - [TEST_STEP][PASSED] - setText(findTestObject("Object Repository/Page_Automation Exercise - Signup  Login/input_Login to your account_email"), "nhantest@katalon.com"): Text 'nhantest@katalon.com' is set on object 'Object Repository/Page_Automation Exercise - Signup  Login/input_Login to your account_email'

04-10-2024T15:05:49 - [MESSAGE][PASSED] - Text 'nhantest@katalon.com' is set on object 'Object Repository/Page_Automation Exercise - Signup  Login/input_Login to your account_email'

04-10-2024T15:05:49 - [TEST_STEP][PASSED] - setEncryptedText(findTestObject("Object Repository/Page_Automation Exercise - Signup  Login/input_Login to your account_password"), "VFrE/ihxX88="): Text ****** has been set on object 'Object Repository/Page_Automation Exercise - Signup  Login/input_Login to your account_password'

04-10-2024T15:05:52 - [MESSAGE][PASSED] - Text ****** has been set on object 'Object Repository/Page_Automation Exercise - Signup  Login/input_Login to your account_password'

04-10-2024T15:05:52 - [TEST_STEP][PASSED] - click(findTestObject("Object Repository/Page_Automation Exercise - Signup  Login/button_Login")): Object: 'Object Repository/Page_Automation Exercise - Signup  Login/button_Login' is clicked on

04-10-2024T15:05:59 - [MESSAGE][PASSED] - Object: 'Object Repository/Page_Automation Exercise - Signup  Login/button_Login' is clicked on

04-10-2024T15:05:59 - [TEST_STEP][PASSED] - verifyElementVisible(findTestObject("Object Repository/Page_Automation Exercise/a_Logout")): Object 'Object Repository/Page_Automation Exercise/a_Logout' is visible

04-10-2024T15:05:59 - [MESSAGE][PASSED] - Object 'Object Repository/Page_Automation Exercise/a_Logout' is visible]]></system-out>
         <system-err><![CDATA[]]></system-err>
      </testcase>
      <testcase name="Test Cases/TC_03_Login_with_incorrect_email_password" time="12.838" classname="Test Cases/TC_03_Login_with_incorrect_email_password" status="PASSED">
         <system-out><![CDATA[04-10-2024T15:05:59 - [TEST_CASE][PASSED] - Test Cases/TC_03_Login_with_incorrect_email_password: Test Cases/TC_03_Login_with_incorrect_email_password

04-10-2024T15:05:59 - [TEST_STEP][PASSED] - Start listener action : sampleBeforeTestCase: Navigate to 'https://automationexercise.com/' successfully

04-10-2024T15:05:59 - [TEST_STEP][PASSED] - openBrowser(""): Browser is opened with url: ''

04-10-2024T15:05:59 - [MESSAGE][WARNING] - A browser is already opened. Closing browser and opening a new one

04-10-2024T15:05:59 - [MESSAGE][INFO] - Starting 'Chrome' driver

04-10-2024T15:05:59 - [MESSAGE][INFO] - Action delay is set to 0 milliseconds

04-10-2024T15:06:00 - [MESSAGE][PASSED] - Browser is opened with url: ''

04-10-2024T15:06:00 - [TEST_STEP][PASSED] - navigateToUrl("https://automationexercise.com/"): Navigate to 'https://automationexercise.com/' successfully

04-10-2024T15:06:02 - [MESSAGE][PASSED] - Navigate to 'https://automationexercise.com/' successfully

04-10-2024T15:06:02 - [TEST_STEP][PASSED] - openBrowser(""): Browser is opened with url: ''

04-10-2024T15:06:02 - [MESSAGE][WARNING] - A browser is already opened. Closing browser and opening a new one

04-10-2024T15:06:02 - [MESSAGE][INFO] - Starting 'Chrome' driver

04-10-2024T15:06:02 - [MESSAGE][INFO] - Action delay is set to 0 milliseconds

04-10-2024T15:06:03 - [MESSAGE][PASSED] - Browser is opened with url: ''

04-10-2024T15:06:03 - [TEST_STEP][PASSED] - navigateToUrl("https://automationexercise.com/"): Navigate to 'https://automationexercise.com/' successfully

04-10-2024T15:06:06 - [MESSAGE][PASSED] - Navigate to 'https://automationexercise.com/' successfully

04-10-2024T15:06:06 - [TEST_STEP][PASSED] - click(findTestObject("Page_Automation Exercise/a_Signup  Login")): Object: 'Object Repository/Page_Automation Exercise/a_Signup  Login' is clicked on

04-10-2024T15:06:07 - [MESSAGE][PASSED] - Object: 'Object Repository/Page_Automation Exercise/a_Signup  Login' is clicked on

04-10-2024T15:06:07 - [TEST_STEP][PASSED] - setText(findTestObject("Page_Automation Exercise - Signup  Login/input_Login to your account_email"), "nhantest@katalon.com"): Text 'nhantest@katalon.com' is set on object 'Object Repository/Page_Automation Exercise - Signup  Login/input_Login to your account_email'

04-10-2024T15:06:09 - [MESSAGE][PASSED] - Text 'nhantest@katalon.com' is set on object 'Object Repository/Page_Automation Exercise - Signup  Login/input_Login to your account_email'

04-10-2024T15:06:09 - [TEST_STEP][PASSED] - setEncryptedText(findTestObject("Page_Automation Exercise - Signup  Login/input_Login to your account_password"), "Hp7XNMOJkko="): Text ****** has been set on object 'Object Repository/Page_Automation Exercise - Signup  Login/input_Login to your account_password'

04-10-2024T15:06:09 - [MESSAGE][PASSED] - Text ****** has been set on object 'Object Repository/Page_Automation Exercise - Signup  Login/input_Login to your account_password'

04-10-2024T15:06:09 - [TEST_STEP][PASSED] - click(findTestObject("Page_Automation Exercise - Signup  Login/button_Login")): Object: 'Object Repository/Page_Automation Exercise - Signup  Login/button_Login' is clicked on

04-10-2024T15:06:10 - [MESSAGE][PASSED] - Object: 'Object Repository/Page_Automation Exercise - Signup  Login/button_Login' is clicked on

04-10-2024T15:06:10 - [TEST_STEP][PASSED] - click(findTestObject("Object Repository/Page_Automation Exercise - Signup  Login/p_Your email or password is incorrect")): Object: 'Object Repository/Page_Automation Exercise - Signup  Login/p_Your email or password is incorrect' is clicked on

04-10-2024T15:06:11 - [MESSAGE][PASSED] - Object: 'Object Repository/Page_Automation Exercise - Signup  Login/p_Your email or password is incorrect' is clicked on

04-10-2024T15:06:11 - [TEST_STEP][PASSED] - verifyElementText(findTestObject("Object Repository/Page_Automation Exercise - Signup  Login/p_Your email or password is incorrect"), "Your email or password is incorrect!"): Actual text and expected text of test object 'Object Repository/Page_Automation Exercise - Signup  Login/p_Your email or password is incorrect' are matched.

04-10-2024T15:06:12 - [MESSAGE][PASSED] - Actual text and expected text of test object 'Object Repository/Page_Automation Exercise - Signup  Login/p_Your email or password is incorrect' are matched.

04-10-2024T15:06:12 - [TEST_STEP][PASSED] - closeBrowser(): Browser is closed

04-10-2024T15:06:12 - [MESSAGE][PASSED] - Browser is closed]]></system-out>
         <system-err><![CDATA[]]></system-err>
      </testcase>
      <system-out><![CDATA[04-10-2024T15:04:53 - [TEST_SUITE][PASSED] - TS_01: Test Cases/TC_03_Login_with_incorrect_email_password]]></system-out>
      <system-err><![CDATA[]]></system-err>
   </testsuite>
</testsuites>
