<?xml version="1.0" encoding="UTF-8"?>
<testsuites name="TS_03" time="49.655" tests="1" failures="0" errors="0">
   <testsuite name="TS_03" tests="1" failures="0" errors="0" time="49.655" skipped="0" timestamp="09-10-2024T17:32:28" hostname="nhan.hoang - 10.10.32.90" id="Test Suites/TS_03">
      <properties>
         <property name="deviceName"/>
         <property name="devicePlatform" value="MAC"/>
         <property name="logFolder" value="/Users/nhan.hoang/Documents/nhanhoanganh-katalon-cert/Reports/20241009_173223/TS_03/20241009_173223"/>
         <property name="logFiles" value="/Users/nhan.hoang/Documents/nhanhoanganh-katalon-cert/Reports/20241009_173223/TS_03/20241009_173223/execution0.log"/>
         <property name="attachments" value=""/>
         <property name="hostName" value="nhan.hoang - 10.10.32.90"/>
         <property name="remoteDriverUrl" value="testcloud.katalon.com/hub"/>
         <property name="desiredCapabilities" value="{&#xa;  &quot;timeouts&quot;: {&#xa;    &quot;implicit&quot;: 0,&#xa;    &quot;pageLoad&quot;: 300000,&#xa;    &quot;script&quot;: 30000&#xa;  },&#xa;  &quot;se:cdpEnabled&quot;: false,&#xa;  &quot;platform&quot;: &quot;MAC&quot;,&#xa;  &quot;goog:chromeOptions&quot;: {&#xa;    &quot;debuggerAddress&quot;: &quot;localhost:9225&quot;&#xa;  },&#xa;  &quot;webauthn:extension:credBlob&quot;: true,&#xa;  &quot;acceptInsecureCerts&quot;: false,&#xa;  &quot;browserVersion&quot;: &quot;131.0.0.0&quot;,&#xa;  &quot;fedcm:accounts&quot;: true,&#xa;  &quot;kt:requestId&quot;: &quot;e0aee56c-e781-4ece-8435-43b9d1ca1e1c&quot;,&#xa;  &quot;browserName&quot;: &quot;chrome&quot;,&#xa;  &quot;javascriptEnabled&quot;: true,&#xa;  &quot;katalon:option&quot;: {&#xa;    &quot;executionSessionId&quot;: &quot;e0aee56c-e781-4ece-8435-43b9d1ca1e1c&quot;,&#xa;    &quot;userId&quot;: 1591767,&#xa;    &quot;organizationId&quot;: &quot;1655112&quot;,&#xa;    &quot;executionId&quot;: &quot;3ab69498-54d8-4df4-a32b-382841706175&quot;,&#xa;    &quot;runFromTestCloud&quot;: true,&#xa;    &quot;usingTunnel&quot;: false&#xa;  },&#xa;  &quot;platformName&quot;: &quot;MAC&quot;,&#xa;  &quot;setWindowRect&quot;: true,&#xa;  &quot;webauthn:extension:largeBlob&quot;: true,&#xa;  &quot;networkConnectionEnabled&quot;: false,&#xa;  &quot;chrome&quot;: {&#xa;    &quot;chromedriverVersion&quot;: &quot;131.0.6738.0 (369c6304b45dc2746ba231c5edfc4bbe1657a98f-refs/branch-heads/6738@{#1})&quot;,&#xa;    &quot;userDataDir&quot;: &quot;/var/folders/wj/nzjhzghd7796m2f86n_x7l5m0000gp/T/.org.chromium.Chromium.Rsj8q5&quot;&#xa;  },&#xa;  &quot;kt:rid&quot;: &quot;e0aee56c-e781-4ece-8435-43b9d1ca1e1c&quot;,&#xa;  &quot;pageLoadStrategy&quot;: &quot;normal&quot;,&#xa;  &quot;unhandledPromptBehavior&quot;: &quot;dismiss and notify&quot;,&#xa;  &quot;strictFileInteractability&quot;: false,&#xa;  &quot;***:loadExtension&quot;: [&#xa;    &quot;https://prod-magicleap-user-files-us-east-1-v1.s3.amazonaws.com/extensions/orgId-691279/SmartWait.zip&quot;&#xa;  ],&#xa;  &quot;se:bidiEnabled&quot;: false,&#xa;  &quot;proxy&quot;: {&#xa;    &quot;proxyType&quot;: &quot;UNSPECIFIED&quot;,&#xa;    &quot;autodetect&quot;: false&#xa;  },&#xa;  &quot;webauthn:extension:minPinLength&quot;: true,&#xa;  &quot;webauthn:extension:prf&quot;: true,&#xa;  &quot;webauthn:virtualAuthenticators&quot;: true&#xa;}"/>
         <property name="os" value="Mac OS X 64bit"/>
         <property name="remoteOS" value="macOS"/>
         <property name="katalonVersion" value="9.7.2.223"/>
         <property name="browser" value="Chrome 131.0.0.0"/>
         <property name="hostAddress" value="10.10.32.90"/>
         <property name="sessionId" value="a3c4e3eac1053b5db5b89202b3860dc5"/>
         <property name="seleniumVersion" value="3.141.59"/>
         <property name="proxyInformation" value="ProxyInformation { proxyOption=NO_PROXY, proxyServerType=HTTP, username=, password=********, proxyServerAddress=, proxyServerPort=0, executionList=&quot;&quot;, isApplyToDesiredCapabilities=true }"/>
         <property name="platform" value="Mac OS X"/>
      </properties>
      <testcase name="Test Cases/TC_03_Login with incorrect email password" time="49.579" classname="Test Cases/TC_03_Login with incorrect email password" status="PASSED">
         <system-out><![CDATA[09-10-2024T17:32:28 - [TEST_CASE][PASSED] - Test Cases/TC_03_Login with incorrect email password: Test Cases/TC_03_Login with incorrect email password

09-10-2024T17:32:28 - [TEST_STEP][PASSED] - openBrowser(""): Browser is opened with url: ''

09-10-2024T17:32:28 - [MESSAGE][INFO] - User set preference: ['os', 'macos']

09-10-2024T17:32:28 - [MESSAGE][INFO] - User set preference: ['browserVersion', '131']

09-10-2024T17:32:28 - [MESSAGE][INFO] - User set preference: ['browserName', 'chrome']

09-10-2024T17:32:28 - [MESSAGE][INFO] - User set preference: ['katalon:option', '{organizationId=1655112, usingTunnel=false}']

09-10-2024T17:32:28 - [MESSAGE][INFO] - Connecting to remote web server 'testcloud.katalon.com/hub' with type 'Selenium'

09-10-2024T17:32:28 - [MESSAGE][INFO] - Action delay is set to 0 milliseconds

09-10-2024T17:33:04 - [MESSAGE][PASSED] - Browser is opened with url: ''

09-10-2024T17:33:04 - [TEST_STEP][PASSED] - navigateToUrl("https://automationexercise.com/"): Navigate to 'https://automationexercise.com/' successfully

09-10-2024T17:33:05 - [MESSAGE][PASSED] - Navigate to 'https://automationexercise.com/' successfully

09-10-2024T17:33:05 - [TEST_STEP][PASSED] - click(findTestObject("Page_Automation Exercise/a_Signup  Login")): Object: 'Object Repository/Page_Automation Exercise/a_Signup  Login' is clicked on

09-10-2024T17:33:08 - [MESSAGE][PASSED] - Object: 'Object Repository/Page_Automation Exercise/a_Signup  Login' is clicked on

09-10-2024T17:33:08 - [TEST_STEP][PASSED] - setText(findTestObject("Page_Automation Exercise - Signup  Login/input_Login to your account_email"), email): Text 'nhantest@katalon.com' is set on object 'Object Repository/Page_Automation Exercise - Signup  Login/input_Login to your account_email'

09-10-2024T17:33:10 - [MESSAGE][PASSED] - Text 'nhantest@katalon.com' is set on object 'Object Repository/Page_Automation Exercise - Signup  Login/input_Login to your account_email'

09-10-2024T17:33:10 - [TEST_STEP][PASSED] - setText(findTestObject("Page_Automation Exercise - Signup  Login/input_Login to your account_password"), password): Text 'wrongpass' is set on object 'Object Repository/Page_Automation Exercise - Signup  Login/input_Login to your account_password'

09-10-2024T17:33:13 - [MESSAGE][PASSED] - Text 'wrongpass' is set on object 'Object Repository/Page_Automation Exercise - Signup  Login/input_Login to your account_password'

09-10-2024T17:33:13 - [TEST_STEP][PASSED] - click(findTestObject("Page_Automation Exercise - Signup  Login/button_Login")): Object: 'Object Repository/Page_Automation Exercise - Signup  Login/button_Login' is clicked on

09-10-2024T17:33:14 - [MESSAGE][PASSED] - Object: 'Object Repository/Page_Automation Exercise - Signup  Login/button_Login' is clicked on

09-10-2024T17:33:14 - [TEST_STEP][PASSED] - click(findTestObject("Object Repository/Page_Automation Exercise - Signup  Login/p_Your email or password is incorrect")): Object: 'Object Repository/Page_Automation Exercise - Signup  Login/p_Your email or password is incorrect' is clicked on

09-10-2024T17:33:16 - [MESSAGE][PASSED] - Object: 'Object Repository/Page_Automation Exercise - Signup  Login/p_Your email or password is incorrect' is clicked on

09-10-2024T17:33:16 - [TEST_STEP][PASSED] - verifyElementText(findTestObject("Object Repository/Page_Automation Exercise - Signup  Login/p_Your email or password is incorrect"), "Your email or password is incorrect!"): Actual text and expected text of test object 'Object Repository/Page_Automation Exercise - Signup  Login/p_Your email or password is incorrect' are matched.

09-10-2024T17:33:17 - [MESSAGE][PASSED] - Actual text and expected text of test object 'Object Repository/Page_Automation Exercise - Signup  Login/p_Your email or password is incorrect' are matched.

09-10-2024T17:33:17 - [TEST_STEP][PASSED] - closeBrowser(): Browser is closed

09-10-2024T17:33:18 - [MESSAGE][PASSED] - Browser is closed]]></system-out>
         <system-err><![CDATA[]]></system-err>
      </testcase>
      <system-out><![CDATA[09-10-2024T17:32:28 - [TEST_SUITE][PASSED] - TS_03: Test Cases/TC_03_Login with incorrect email password]]></system-out>
      <system-err><![CDATA[]]></system-err>
   </testsuite>
</testsuites>
