<?xml version="1.0" encoding="UTF-8"?>
<testsuites name="TS_01" time="96.211" tests="2" failures="0" errors="0">
   <testsuite name="TS_01" tests="2" failures="0" errors="0" time="96.211" skipped="0" timestamp="06-10-2024T00:32:32" hostname="nhan.hoang - 192.168.2.48" id="Test Suites/TS_01">
      <properties>
         <property name="deviceName" value=""/>
         <property name="devicePlatform"/>
         <property name="logFolder" value="/Users/nhan.hoang/Documents/nhanhoanganh-katalon-cert/Reports/20241006_003149/TS_01/20241006_003224"/>
         <property name="logFiles" value="/Users/nhan.hoang/Documents/nhanhoanganh-katalon-cert/Reports/20241006_003149/TS_01/20241006_003224/execution0.log"/>
         <property name="attachments" value=""/>
         <property name="hostName" value="nhan.hoang - 192.168.2.48"/>
         <property name="os" value="Mac OS X 64bit"/>
         <property name="katalonVersion" value="9.7.2.223"/>
         <property name="browser" value="Chrome 129.0.0.0"/>
         <property name="hostAddress" value="192.168.2.48"/>
         <property name="sessionId" value="ca366c40d1c1143cfa6f7a6b9c13d441"/>
         <property name="seleniumVersion" value="3.141.59"/>
         <property name="proxyInformation" value="ProxyInformation { proxyOption=NO_PROXY, proxyServerType=HTTP, username=, password=********, proxyServerAddress=, proxyServerPort=0, executionList=&quot;&quot;, isApplyToDesiredCapabilities=true }"/>
         <property name="platform" value="Mac OS X"/>
      </properties>
      <testcase name="Test Cases/TC_04_Logout" time="53.157" classname="Test Cases/TC_04_Logout" status="PASSED">
         <system-out><![CDATA[06-10-2024T00:32:32 - [TEST_CASE][PASSED] - Test Cases/TC_04_Logout: Test Cases/TC_04_Logout

06-10-2024T00:32:33 - [TEST_STEP][PASSED] - callTestCase(findTestCase("TC_02_Login with correct email password"), [:], STOP_ON_FAILURE): Call Test Case 'Test Cases/TC_02_Login with correct email password' successfully

06-10-2024T00:32:33 - [TEST_CASE][PASSED] - Test Cases/TC_02_Login with correct email password: Test Cases/TC_02_Login with correct email password

06-10-2024T00:32:33 - [TEST_STEP][PASSED] - openBrowser(""): Browser is opened with url: ''

06-10-2024T00:32:33 - [MESSAGE][INFO] - Starting 'Chrome' driver

06-10-2024T00:32:33 - [MESSAGE][INFO] - Action delay is set to 0 milliseconds

06-10-2024T00:32:45 - [MESSAGE][PASSED] - Browser is opened with url: ''

06-10-2024T00:32:45 - [TEST_STEP][PASSED] - navigateToUrl("https://automationexercise.com/"): Navigate to 'https://automationexercise.com/' successfully

06-10-2024T00:32:53 - [MESSAGE][PASSED] - Navigate to 'https://automationexercise.com/' successfully

06-10-2024T00:32:53 - [TEST_STEP][PASSED] - click(findTestObject("Object Repository/Page_Automation Exercise/a_Signup  Login")): Object: 'Object Repository/Page_Automation Exercise/a_Signup  Login' is clicked on

06-10-2024T00:33:01 - [MESSAGE][PASSED] - Object: 'Object Repository/Page_Automation Exercise/a_Signup  Login' is clicked on

06-10-2024T00:33:01 - [TEST_STEP][PASSED] - setText(findTestObject("Object Repository/Page_Automation Exercise - Signup  Login/input_Login to your account_email"), email): Text 'nhantest@katalon.com' is set on object 'Object Repository/Page_Automation Exercise - Signup  Login/input_Login to your account_email'

06-10-2024T00:33:05 - [MESSAGE][PASSED] - Text 'nhantest@katalon.com' is set on object 'Object Repository/Page_Automation Exercise - Signup  Login/input_Login to your account_email'

06-10-2024T00:33:05 - [TEST_STEP][PASSED] - setEncryptedText(findTestObject("Object Repository/Page_Automation Exercise - Signup  Login/input_Login to your account_password"), "VFrE/ihxX88="): Text ****** has been set on object 'Object Repository/Page_Automation Exercise - Signup  Login/input_Login to your account_password'

06-10-2024T00:33:07 - [MESSAGE][PASSED] - Text ****** has been set on object 'Object Repository/Page_Automation Exercise - Signup  Login/input_Login to your account_password'

06-10-2024T00:33:07 - [TEST_STEP][PASSED] - click(findTestObject("Object Repository/Page_Automation Exercise - Signup  Login/button_Login")): Object: 'Object Repository/Page_Automation Exercise - Signup  Login/button_Login' is clicked on

06-10-2024T00:33:18 - [MESSAGE][PASSED] - Object: 'Object Repository/Page_Automation Exercise - Signup  Login/button_Login' is clicked on

06-10-2024T00:33:18 - [TEST_STEP][PASSED] - verifyElementVisible(findTestObject("Object Repository/Page_Automation Exercise/a_Logout")): Object 'Object Repository/Page_Automation Exercise/a_Logout' is visible

06-10-2024T00:33:19 - [MESSAGE][PASSED] - Object 'Object Repository/Page_Automation Exercise/a_Logout' is visible

06-10-2024T00:33:19 - [MESSAGE][PASSED] - Call Test Case 'Test Cases/TC_02_Login with correct email password' successfully

06-10-2024T00:33:19 - [TEST_STEP][PASSED] - click(findTestObject("Page_Automation Exercise/a_Logout")): Object: 'Object Repository/Page_Automation Exercise/a_Logout' is clicked on

06-10-2024T00:33:22 - [MESSAGE][PASSED] - Object: 'Object Repository/Page_Automation Exercise/a_Logout' is clicked on

06-10-2024T00:33:22 - [TEST_STEP][PASSED] - waitForPageLoad(wait_time): Wait for page load successfully

06-10-2024T00:33:23 - [MESSAGE][PASSED] - Wait for page load successfully

06-10-2024T00:33:23 - [TEST_STEP][PASSED] - verifyElementVisible(findTestObject("Object Repository/Page_Automation Exercise - Signup  Login/a_Signup  Login"), STOP_ON_FAILURE): Object 'Object Repository/Page_Automation Exercise - Signup  Login/a_Signup  Login' is visible

06-10-2024T00:33:25 - [MESSAGE][PASSED] - Object 'Object Repository/Page_Automation Exercise - Signup  Login/a_Signup  Login' is visible

06-10-2024T00:33:25 - [TEST_STEP][PASSED] - closeBrowser(): Browser is closed

06-10-2024T00:33:25 - [MESSAGE][PASSED] - Browser is closed]]></system-out>
         <system-err><![CDATA[]]></system-err>
      </testcase>
      <testcase name="Test Cases/TC_02_Login with correct email password" time="42.755" classname="Test Cases/TC_02_Login with correct email password" status="PASSED">
         <system-out><![CDATA[06-10-2024T00:33:25 - [TEST_CASE][PASSED] - Test Cases/TC_02_Login with correct email password: Test Cases/TC_02_Login with correct email password

06-10-2024T00:33:25 - [TEST_STEP][PASSED] - openBrowser(""): Browser is opened with url: ''

06-10-2024T00:33:25 - [MESSAGE][INFO] - Starting 'Chrome' driver

06-10-2024T00:33:26 - [MESSAGE][INFO] - Action delay is set to 0 milliseconds

06-10-2024T00:33:30 - [MESSAGE][PASSED] - Browser is opened with url: ''

06-10-2024T00:33:30 - [TEST_STEP][PASSED] - navigateToUrl("https://automationexercise.com/"): Navigate to 'https://automationexercise.com/' successfully

06-10-2024T00:33:44 - [MESSAGE][PASSED] - Navigate to 'https://automationexercise.com/' successfully

06-10-2024T00:33:44 - [TEST_STEP][PASSED] - click(findTestObject("Object Repository/Page_Automation Exercise/a_Signup  Login")): Object: 'Object Repository/Page_Automation Exercise/a_Signup  Login' is clicked on

06-10-2024T00:33:51 - [MESSAGE][PASSED] - Object: 'Object Repository/Page_Automation Exercise/a_Signup  Login' is clicked on

06-10-2024T00:33:51 - [TEST_STEP][PASSED] - setText(findTestObject("Object Repository/Page_Automation Exercise - Signup  Login/input_Login to your account_email"), email): Text 'nhantest@katalon.com' is set on object 'Object Repository/Page_Automation Exercise - Signup  Login/input_Login to your account_email'

06-10-2024T00:33:55 - [MESSAGE][PASSED] - Text 'nhantest@katalon.com' is set on object 'Object Repository/Page_Automation Exercise - Signup  Login/input_Login to your account_email'

06-10-2024T00:33:55 - [TEST_STEP][PASSED] - setEncryptedText(findTestObject("Object Repository/Page_Automation Exercise - Signup  Login/input_Login to your account_password"), "VFrE/ihxX88="): Text ****** has been set on object 'Object Repository/Page_Automation Exercise - Signup  Login/input_Login to your account_password'

06-10-2024T00:33:57 - [MESSAGE][PASSED] - Text ****** has been set on object 'Object Repository/Page_Automation Exercise - Signup  Login/input_Login to your account_password'

06-10-2024T00:33:57 - [TEST_STEP][PASSED] - click(findTestObject("Object Repository/Page_Automation Exercise - Signup  Login/button_Login")): Object: 'Object Repository/Page_Automation Exercise - Signup  Login/button_Login' is clicked on

06-10-2024T00:34:07 - [MESSAGE][PASSED] - Object: 'Object Repository/Page_Automation Exercise - Signup  Login/button_Login' is clicked on

06-10-2024T00:34:07 - [TEST_STEP][PASSED] - verifyElementVisible(findTestObject("Object Repository/Page_Automation Exercise/a_Logout")): Object 'Object Repository/Page_Automation Exercise/a_Logout' is visible

06-10-2024T00:34:08 - [MESSAGE][PASSED] - Object 'Object Repository/Page_Automation Exercise/a_Logout' is visible]]></system-out>
         <system-err><![CDATA[]]></system-err>
      </testcase>
      <system-out><![CDATA[06-10-2024T00:32:32 - [TEST_SUITE][PASSED] - TS_01: Test Cases/TC_02_Login with correct email password]]></system-out>
      <system-err><![CDATA[]]></system-err>
   </testsuite>
</testsuites>
