<?xml version="1.0" encoding="UTF-8"?>
<testsuites name="TS_02" time="15.431" tests="1" failures="0" errors="0">
   <testsuite name="TS_02" tests="1" failures="0" errors="0" time="15.431" skipped="0" timestamp="06-10-2024T00:35:25" hostname="nhan.hoang - 192.168.2.48" id="Test Suites/TS_02">
      <properties>
         <property name="deviceName" value=""/>
         <property name="devicePlatform"/>
         <property name="logFolder" value="/Users/nhan.hoang/Documents/nhanhoanganh-katalon-cert/Reports/20241006_003512/TS_02/20241006_003518"/>
         <property name="logFiles" value="/Users/nhan.hoang/Documents/nhanhoanganh-katalon-cert/Reports/20241006_003512/TS_02/20241006_003518/execution0.log"/>
         <property name="attachments" value=""/>
         <property name="hostName" value="nhan.hoang - 192.168.2.48"/>
         <property name="os" value="Mac OS X 64bit"/>
         <property name="katalonVersion" value="9.7.2.223"/>
         <property name="browser" value="Chrome 129.0.0.0"/>
         <property name="hostAddress" value="192.168.2.48"/>
         <property name="sessionId" value="10772b8605c76389e83b643fe3f2b7a3"/>
         <property name="seleniumVersion" value="3.141.59"/>
         <property name="proxyInformation" value="ProxyInformation { proxyOption=NO_PROXY, proxyServerType=HTTP, username=, password=********, proxyServerAddress=, proxyServerPort=0, executionList=&quot;&quot;, isApplyToDesiredCapabilities=true }"/>
         <property name="platform" value="Mac OS X"/>
      </properties>
      <testcase name="Test Cases/test" time="15.182" classname="Test Cases/test" status="PASSED">
         <system-out><![CDATA[06-10-2024T00:35:25 - [TEST_CASE][PASSED] - Test Cases/test: Test Cases/test

06-10-2024T00:35:26 - [TEST_STEP][PASSED] - openBrowser(""): Browser is opened with url: ''

06-10-2024T00:35:26 - [MESSAGE][INFO] - Starting 'Chrome' driver

06-10-2024T00:35:26 - [MESSAGE][INFO] - Action delay is set to 0 milliseconds

06-10-2024T00:35:34 - [MESSAGE][PASSED] - Browser is opened with url: ''

06-10-2024T00:35:34 - [TEST_STEP][PASSED] - navigateToUrl("https://katalon-test.s3.amazonaws.com/aut/html/alert.html"): Navigate to 'https://katalon-test.s3.amazonaws.com/aut/html/alert.html' successfully

06-10-2024T00:35:38 - [MESSAGE][PASSED] - Navigate to 'https://katalon-test.s3.amazonaws.com/aut/html/alert.html' successfully

06-10-2024T00:35:38 - [TEST_STEP][PASSED] - driver = getWebDriver(): null

06-10-2024T00:35:38 - [TEST_STEP][PASSED] - click(findTestObject("Object Repository/Page_Demo AUT/button_Click to show alert")): Object: 'Object Repository/Page_Demo AUT/button_Click to show alert' is clicked on

06-10-2024T00:35:40 - [MESSAGE][PASSED] - Object: 'Object Repository/Page_Demo AUT/button_Click to show alert' is clicked on

06-10-2024T00:35:40 - [TEST_STEP][PASSED] - alert().accept(): null]]></system-out>
         <system-err><![CDATA[]]></system-err>
      </testcase>
      <system-out><![CDATA[06-10-2024T00:35:25 - [TEST_SUITE][PASSED] - TS_02: Test Cases/test]]></system-out>
      <system-err><![CDATA[]]></system-err>
   </testsuite>
</testsuites>
