<?xml version="1.0" encoding="UTF-8"?>
<testsuites name="TS_02" time="12.649" tests="1" failures="0" errors="0">
   <testsuite name="TS_02" tests="1" failures="0" errors="0" time="12.649" skipped="0" timestamp="10-10-2024T03:57:27" hostname="root - 54fa79133152" id="Test Suites/TS_02">
      <properties>
         <property name="deviceName" value=""/>
         <property name="devicePlatform"/>
         <property name="logFolder" value="/tmp/project/Reports/20241010_035714/TS_02/20241010_035718"/>
         <property name="logFiles" value="/tmp/project/Reports/20241010_035714/TS_02/20241010_035718/execution0.log"/>
         <property name="attachments" value=""/>
         <property name="hostName" value="root - 54fa79133152"/>
         <property name="os" value="Linux 64bit"/>
         <property name="katalonVersion" value="9.7.2.223"/>
         <property name="browser" value="Chrome 128.0.0.0"/>
         <property name="hostAddress" value="172.17.0.2"/>
         <property name="sessionId" value="c1046923934d71b30eb585f21dac6c1a"/>
         <property name="seleniumVersion" value="3.141.59"/>
         <property name="proxyInformation" value="ProxyInformation { proxyOption=NO_PROXY, proxyServerType=HTTP, username=, password=********, proxyServerAddress=, proxyServerPort=0, executionList=&quot;&quot;, isApplyToDesiredCapabilities=true }"/>
         <property name="platform" value="Linux"/>
      </properties>
      <testcase name="Test Cases/test" time="12.324" classname="Test Cases/test" status="PASSED">
         <system-out><![CDATA[10-10-2024T03:57:27 - [TEST_CASE][PASSED] - Test Cases/test: Test Cases/test

10-10-2024T03:57:28 - [TEST_STEP][PASSED] - openBrowser(""): Browser is opened with url: ''

10-10-2024T03:57:28 - [MESSAGE][INFO] - Starting 'Chrome' driver

10-10-2024T03:57:28 - [MESSAGE][INFO] - Action delay is set to 0 milliseconds

10-10-2024T03:57:32 - [MESSAGE][PASSED] - Browser is opened with url: ''

10-10-2024T03:57:32 - [TEST_STEP][PASSED] - navigateToUrl("https://katalon-test.s3.amazonaws.com/aut/html/alert.html"): Navigate to 'https://katalon-test.s3.amazonaws.com/aut/html/alert.html' successfully

10-10-2024T03:57:39 - [MESSAGE][PASSED] - Navigate to 'https://katalon-test.s3.amazonaws.com/aut/html/alert.html' successfully

10-10-2024T03:57:39 - [TEST_STEP][PASSED] - driver = getWebDriver(): null

10-10-2024T03:57:39 - [TEST_STEP][PASSED] - click(findTestObject("Object Repository/Page_Demo AUT/button_Click to show alert")): Object: 'Object Repository/Page_Demo AUT/button_Click to show alert' is clicked on

10-10-2024T03:57:39 - [MESSAGE][PASSED] - Object: 'Object Repository/Page_Demo AUT/button_Click to show alert' is clicked on

10-10-2024T03:57:39 - [TEST_STEP][PASSED] - alert().accept(): null

10-10-2024T03:57:40 - [TEST_STEP][PASSED] - closeBrowser(): Browser is closed

10-10-2024T03:57:40 - [MESSAGE][PASSED] - Browser is closed]]></system-out>
         <system-err><![CDATA[]]></system-err>
      </testcase>
      <system-out><![CDATA[10-10-2024T03:57:27 - [TEST_SUITE][PASSED] - TS_02: Test Cases/test]]></system-out>
      <system-err><![CDATA[]]></system-err>
   </testsuite>
</testsuites>
