<?xml version="1.0" encoding="UTF-8"?>
<testsuites name="TS_08" time="20.677" tests="1" failures="0" errors="0">
   <testsuite name="TS_08" tests="1" failures="0" errors="0" time="20.677" skipped="0" timestamp="06-10-2024T00:25:44" hostname="nhan.hoang - 192.168.2.48" id="Test Suites/TS_08">
      <properties>
         <property name="deviceName" value=""/>
         <property name="devicePlatform"/>
         <property name="logFolder" value="/Users/nhan.hoang/Documents/nhanhoanganh-katalon-cert/Reports/20241006_002539/TS_08/20241006_002539"/>
         <property name="logFiles" value="/Users/nhan.hoang/Documents/nhanhoanganh-katalon-cert/Reports/20241006_002539/TS_08/20241006_002539/execution0.log"/>
         <property name="attachments" value=""/>
         <property name="hostName" value="nhan.hoang - 192.168.2.48"/>
         <property name="os" value="Mac OS X 64bit"/>
         <property name="katalonVersion" value="9.7.2.223"/>
         <property name="browser" value="Chrome 129.0.0.0"/>
         <property name="hostAddress" value="192.168.2.48"/>
         <property name="sessionId" value="cf60b8403505551181c0b8af9c8ab7be"/>
         <property name="seleniumVersion" value="3.141.59"/>
         <property name="proxyInformation" value="ProxyInformation { proxyOption=NO_PROXY, proxyServerType=HTTP, username=, password=********, proxyServerAddress=, proxyServerPort=0, executionList=&quot;&quot;, isApplyToDesiredCapabilities=true }"/>
         <property name="platform" value="Mac OS X"/>
      </properties>
      <testcase name="Test Cases/TC_08_All products and product detail page" time="20.612" classname="Test Cases/TC_08_All products and product detail page" status="PASSED">
         <system-out><![CDATA[06-10-2024T00:25:44 - [TEST_CASE][PASSED] - Test Cases/TC_08_All products and product detail page: Test Cases/TC_08_All products and product detail page

06-10-2024T00:25:44 - [TEST_STEP][PASSED] - openBrowser(""): Browser is opened with url: ''

06-10-2024T00:25:44 - [MESSAGE][INFO] - Starting 'Chrome' driver

06-10-2024T00:25:44 - [MESSAGE][INFO] - Action delay is set to 0 milliseconds

06-10-2024T00:25:45 - [MESSAGE][PASSED] - Browser is opened with url: ''

06-10-2024T00:25:45 - [TEST_STEP][PASSED] - navigateToUrl("https://www.automationexercise.com/"): Navigate to 'https://www.automationexercise.com/' successfully

06-10-2024T00:25:51 - [MESSAGE][PASSED] - Navigate to 'https://www.automationexercise.com/' successfully

06-10-2024T00:25:51 - [TEST_STEP][PASSED] - click(findTestObject("Object Repository/Page_Automation Exercise/a_Products")): Object: 'Object Repository/Page_Automation Exercise/a_Products' is clicked on

06-10-2024T00:25:57 - [MESSAGE][PASSED] - Object: 'Object Repository/Page_Automation Exercise/a_Products' is clicked on

06-10-2024T00:25:57 - [TEST_STEP][PASSED] - url = getUrl(): Current window's url is: 'https://www.automationexercise.com/products'

06-10-2024T00:25:57 - [MESSAGE][PASSED] - Current window's url is: 'https://www.automationexercise.com/products'

06-10-2024T00:25:57 - [TEST_STEP][PASSED] - verifyEqual(url, "https://www.automationexercise.com/products"): Actual object 'https://www.automationexercise.com/products' and expected object 'https://www.automationexercise.com/products' are equal

06-10-2024T00:25:57 - [MESSAGE][PASSED] - Actual object 'https://www.automationexercise.com/products' and expected object 'https://www.automationexercise.com/products' are equal

06-10-2024T00:25:57 - [TEST_STEP][PASSED] - click(findTestObject("Object Repository/Page_Automation Exercise - All Products/a_View Product")): Object: 'Object Repository/Page_Automation Exercise - All Products/a_View Product' is clicked on

06-10-2024T00:25:59 - [MESSAGE][PASSED] - Object: 'Object Repository/Page_Automation Exercise - All Products/a_View Product' is clicked on

06-10-2024T00:25:59 - [TEST_STEP][PASSED] - verifyElementPresent(findTestObject("Object Repository/Page_Automation Exercise - Product Details/h2_Blue Top"), 0): Object 'Object Repository/Page_Automation Exercise - Product Details/h2_Blue Top' is present

06-10-2024T00:25:59 - [MESSAGE][WARNING] - Timeout '0' is invalid. Using default page load timeout: '30'

06-10-2024T00:26:02 - [MESSAGE][PASSED] - Object 'Object Repository/Page_Automation Exercise - Product Details/h2_Blue Top' is present

06-10-2024T00:26:02 - [TEST_STEP][PASSED] - verifyElementPresent(findTestObject("Object Repository/Page_Automation Exercise - Product Details/p_Category Women  Tops"), 0): Object 'Object Repository/Page_Automation Exercise - Product Details/p_Category Women  Tops' is present

06-10-2024T00:26:02 - [MESSAGE][WARNING] - Timeout '0' is invalid. Using default page load timeout: '30'

06-10-2024T00:26:04 - [MESSAGE][PASSED] - Object 'Object Repository/Page_Automation Exercise - Product Details/p_Category Women  Tops' is present

06-10-2024T00:26:04 - [TEST_STEP][PASSED] - closeBrowser(): Browser is closed

06-10-2024T00:26:04 - [MESSAGE][PASSED] - Browser is closed]]></system-out>
         <system-err><![CDATA[]]></system-err>
      </testcase>
      <system-out><![CDATA[06-10-2024T00:25:44 - [TEST_SUITE][PASSED] - TS_08: Test Cases/TC_08_All products and product detail page]]></system-out>
      <system-err><![CDATA[]]></system-err>
   </testsuite>
</testsuites>
