<?xml version="1.0" encoding="UTF-8"?>
<testsuites name="TS_03" time="12.057" tests="2" failures="0" errors="0">
   <testsuite name="TS_03" tests="2" failures="0" errors="0" time="12.057" skipped="0" timestamp="11-10-2024T21:45:14" hostname="nhan.hoang - 192.168.2.48" id="Test Suites/TS_03">
      <properties>
         <property name="deviceName" value=""/>
         <property name="devicePlatform"/>
         <property name="logFolder" value="/Users/nhan.hoang/Documents/nhanhoanganh-katalon-cert/Reports/20241011_214510/TS_03/20241011_214510"/>
         <property name="logFiles" value="/Users/nhan.hoang/Documents/nhanhoanganh-katalon-cert/Reports/20241011_214510/TS_03/20241011_214510/execution0.log"/>
         <property name="attachments" value=""/>
         <property name="hostName" value="nhan.hoang - 192.168.2.48"/>
         <property name="os" value="Mac OS X 64bit"/>
         <property name="katalonVersion" value="9.7.2.223"/>
         <property name="browser" value="Chrome 129.0.0.0"/>
         <property name="hostAddress" value="192.168.2.48"/>
         <property name="sessionId" value="83286a1879ccf82e7a7f830fc6c28e64"/>
         <property name="seleniumVersion" value="3.141.59"/>
         <property name="proxyInformation" value="ProxyInformation { proxyOption=NO_PROXY, proxyServerType=HTTP, username=, password=********, proxyServerAddress=, proxyServerPort=0, executionList=&quot;&quot;, isApplyToDesiredCapabilities=true }"/>
         <property name="platform" value="Mac OS X"/>
      </properties>
      <testcase name="Test Cases/TC_03_Login with incorrect email password" time="11.956" classname="Test Cases/TC_03_Login with incorrect email password" status="PASSED">
         <system-out><![CDATA[11-10-2024T21:45:14 - [TEST_CASE][PASSED] - Test Cases/TC_03_Login with incorrect email password: Test Cases/TC_03_Login with incorrect email password

11-10-2024T21:45:14 - [TEST_STEP][PASSED] - openBrowser(""): Browser is opened with url: ''

11-10-2024T21:45:15 - [MESSAGE][INFO] - Starting 'Chrome' driver

11-10-2024T21:45:15 - [MESSAGE][INFO] - Action delay is set to 0 milliseconds

11-10-2024T21:45:16 - [MESSAGE][PASSED] - Browser is opened with url: ''

11-10-2024T21:45:16 - [TEST_STEP][PASSED] - navigateToUrl("https://automationexercise.com/"): Navigate to 'https://automationexercise.com/' successfully

11-10-2024T21:45:19 - [MESSAGE][PASSED] - Navigate to 'https://automationexercise.com/' successfully

11-10-2024T21:45:19 - [TEST_STEP][PASSED] - click(findTestObject("Page_Automation Exercise/a_Signup  Login")): Object: 'Object Repository/Page_Automation Exercise/a_Signup  Login' is clicked on

11-10-2024T21:45:22 - [MESSAGE][PASSED] - Object: 'Object Repository/Page_Automation Exercise/a_Signup  Login' is clicked on

11-10-2024T21:45:22 - [TEST_STEP][PASSED] - setText(findTestObject("Page_Automation Exercise - Signup  Login/input_Login to your account_email"), email): Text 'nhantest@katalon.com' is set on object 'Object Repository/Page_Automation Exercise - Signup  Login/input_Login to your account_email'

11-10-2024T21:45:23 - [MESSAGE][PASSED] - Text 'nhantest@katalon.com' is set on object 'Object Repository/Page_Automation Exercise - Signup  Login/input_Login to your account_email'

11-10-2024T21:45:23 - [TEST_STEP][PASSED] - setText(findTestObject("Page_Automation Exercise - Signup  Login/input_Login to your account_password"), password): Text 'wrongpass' is set on object 'Object Repository/Page_Automation Exercise - Signup  Login/input_Login to your account_password'

11-10-2024T21:45:24 - [MESSAGE][PASSED] - Text 'wrongpass' is set on object 'Object Repository/Page_Automation Exercise - Signup  Login/input_Login to your account_password'

11-10-2024T21:45:24 - [TEST_STEP][PASSED] - click(findTestObject("Page_Automation Exercise - Signup  Login/button_Login")): Object: 'Object Repository/Page_Automation Exercise - Signup  Login/button_Login' is clicked on

11-10-2024T21:45:25 - [MESSAGE][PASSED] - Object: 'Object Repository/Page_Automation Exercise - Signup  Login/button_Login' is clicked on

11-10-2024T21:45:25 - [TEST_STEP][PASSED] - click(findTestObject("Object Repository/Page_Automation Exercise - Signup  Login/p_Your email or password is incorrect")): Object: 'Object Repository/Page_Automation Exercise - Signup  Login/p_Your email or password is incorrect' is clicked on

11-10-2024T21:45:26 - [MESSAGE][PASSED] - Object: 'Object Repository/Page_Automation Exercise - Signup  Login/p_Your email or password is incorrect' is clicked on

11-10-2024T21:45:26 - [TEST_STEP][PASSED] - verifyElementText(findTestObject("Object Repository/Page_Automation Exercise - Signup  Login/p_Your email or password is incorrect"), "Your email or password is incorrect!"): Actual text and expected text of test object 'Object Repository/Page_Automation Exercise - Signup  Login/p_Your email or password is incorrect' are matched.

11-10-2024T21:45:26 - [MESSAGE][PASSED] - Actual text and expected text of test object 'Object Repository/Page_Automation Exercise - Signup  Login/p_Your email or password is incorrect' are matched.

11-10-2024T21:45:26 - [TEST_STEP][PASSED] - closeBrowser(): Browser is closed

11-10-2024T21:45:26 - [MESSAGE][PASSED] - Browser is closed]]></system-out>
         <system-err><![CDATA[]]></system-err>
      </testcase>
      <testcase name="Test Cases/Common Cases/close browser" time="0.027" classname="Test Cases/Common Cases/close browser" status="PASSED">
         <system-out><![CDATA[11-10-2024T21:45:26 - [TEST_CASE][PASSED] - Test Cases/Common Cases/close browser: Test Cases/Common Cases/close browser

11-10-2024T21:45:26 - [TEST_STEP][PASSED] - closeBrowser(): Browser is closed

11-10-2024T21:45:26 - [MESSAGE][PASSED] - Browser is closed]]></system-out>
         <system-err><![CDATA[]]></system-err>
      </testcase>
      <system-out><![CDATA[11-10-2024T21:45:14 - [TEST_SUITE][PASSED] - TS_03: Test Cases/Common Cases/close browser]]></system-out>
      <system-err><![CDATA[]]></system-err>
   </testsuite>
</testsuites>
